<?xml version="1.0" encoding="UTF-8"?>
<!-- Generated by org.testng.reporters.JUnitXMLReporter -->
<testsuite ignored="0" hostname="Sasikumar" failures="1" tests="4" name="Test" time="30.773" errors="0" timestamp="2023-08-30T05:21:37 IST">
  <testcase classname="sasiguidess.implementations.testcomponents.ErrorValidations" name="Submit" time="1.257">
    <failure type="java.lang.AssertionError" message="expected [Login Successfully] but found [Incorrect email or password.]">
      <![CDATA[java.lang.AssertionError: expected [Login Successfully] but found [Incorrect email or password.]
at sasiguidess.implementations.testcomponents.ErrorValidations.Submit(ErrorValidations.java:15)
at java.base/java.util.ArrayList.forEach(ArrayList.java:1511)
... Removed 33 stack frames]]>
    </failure>
  </testcase> <!-- Submit -->
  <testcase classname="sasiguidess.test.newTesting.Demo1" name="submitOrder" time="14.373"/>
  <testcase classname="sasiguidess.test.newTesting.Demo1" name="submitOrder" time="2.987"/>
  <testcase classname="sasiguidess.test.newTesting.Demo1" name="OrderHistroyTest" time="0.636"/>
</testsuite> <!-- Test -->
